<?xml version="1.0" encoding="UTF-8"?>
<testng-results ignored="0" total="1" passed="1" failed="0" skipped="0">
  <reporter-output>
  </reporter-output>
  <suite started-at="2022-06-17T09:57:21 IST" name="Default suite" finished-at="2022-06-17T09:57:54 IST" duration-ms="33361">
    <groups>
      <group name="a">
        <method signature="Tc1.tc1()[pri:0, instance:testCase.Tc1@72e5a8e]" name="tc1" class="testCase.Tc1"/>
      </group> <!-- a -->
      <group name="b">
        <method signature="Tc1.tc1()[pri:0, instance:testCase.Tc1@72e5a8e]" name="tc1" class="testCase.Tc1"/>
      </group> <!-- b -->
    </groups>
    <test started-at="2022-06-17T09:57:21 IST" name="Default test" finished-at="2022-06-17T09:57:54 IST" duration-ms="33361">
      <class name="testCase.Tc1">
        <test-method is-config="true" signature="open_url()[pri:0, instance:testCase.Tc1@72e5a8e]" started-at="2022-06-17T09:57:21 IST" name="open_url" finished-at="2022-06-17T09:57:38 IST" duration-ms="17725" status="PASS">
          <reporter-output>
          </reporter-output>
        </test-method> <!-- open_url -->
        <test-method is-config="true" signature="login()[pri:0, instance:testCase.Tc1@72e5a8e]" started-at="2022-06-17T09:57:38 IST" name="login" finished-at="2022-06-17T09:57:39 IST" duration-ms="268" status="PASS">
          <reporter-output>
          </reporter-output>
        </test-method> <!-- login -->
        <test-method signature="tc1()[pri:0, instance:testCase.Tc1@72e5a8e]" started-at="2022-06-17T09:57:39 IST" name="tc1" finished-at="2022-06-17T09:57:50 IST" duration-ms="11007" status="PASS">
          <reporter-output>
          </reporter-output>
        </test-method> <!-- tc1 -->
        <test-method is-config="true" signature="logout()[pri:0, instance:testCase.Tc1@72e5a8e]" started-at="2022-06-17T09:57:50 IST" name="logout" finished-at="2022-06-17T09:57:50 IST" duration-ms="0" status="PASS">
          <reporter-output>
          </reporter-output>
        </test-method> <!-- logout -->
        <test-method is-config="true" signature="close()[pri:0, instance:testCase.Tc1@72e5a8e]" started-at="2022-06-17T09:57:50 IST" name="close" finished-at="2022-06-17T09:57:54 IST" duration-ms="4300" status="PASS">
          <reporter-output>
          </reporter-output>
        </test-method> <!-- close -->
      </class> <!-- testCase.Tc1 -->
    </test> <!-- Default test -->
  </suite> <!-- Default suite -->
</testng-results>
